android/app/proguard-rules.pro
# Add project specific ProGuard rules here.
# You can control the set of applied configuration files using the
# proguardFiles setting in build.gradle.
#
# For more details, see
#   http://developer.android.com/guide/developing/tools/proguard.html

# Preserve line number information for debugging stack traces
-keepattributes SourceFile,LineNumberTable

# Capacitor - Keep all Capacitor classes
-keep class com.capacitorjs.** { *; }
-keep class com.getcapacitor.** { *; }

# Keep JavaScript interface classes
-keepclassmembers class * {
    @android.webkit.JavascriptInterface <methods>;
}

# Keep WebView classes
-keepclassmembers class * extends android.webkit.WebViewClient {
    public void *(android.webkit.WebView, java.lang.String, android.graphics.Bitmap);
    public boolean *(android.webkit.WebView, java.lang.String);
}
-keepclassmembers class * extends android.webkit.WebChromeClient {
    public void *(android.webkit.WebView, java.lang.String);
}

# Keep native methods
-keepclasseswithmembernames class * {
    native <methods>;
}

# Keep Parcelable implementations
-keepclassmembers class * implements android.os.Parcelable {
    public static final android.os.Parcelable$Creator CREATOR;
}

# Keep Serializable classes
-keepclassmembers class * implements java.io.Serializable {
    static final long serialVersionUID;
    private static final java.io.ObjectStreamField[] serialPersistentFields;
    private void writeObject(java.io.ObjectOutputStream);
    private void readObject(java.io.ObjectInputStream);
    java.lang.Object writeReplace();
    java.lang.Object readResolve();
}

# Keep application class
-keep public class * extends android.app.Application
-keep public class * extends android.app.Activity
-keep public class * extends android.app.Service
-keep public class * extends android.content.BroadcastReceiver
-keep public class * extends android.content.ContentProvider