android/app/mapping.txt
# compiler: R8
# compiler_version: 8.7.18
# min_api: 23
# common_typos_disable
# {"id":"com.android.tools.r8.mapping","version":"2.2"}
# pg_map_id: bbe11d5
# pg_map_hash: SHA-256 bbe11d5f5a5b7bef988ac559a9251bca86c0b2a8d5fbeb519e0f64f3ca4fa08e
dimm.explainers.shakespeare.romeo_and_juliet.MainActivity -> dimm.explainers.shakespeare.romeo_and_juliet.MainActivity:
# {"id":"sourceFile","fileName":"MainActivity.java"}
    1:4:void <init>():9:9 -> <init>
    1:3:void onCreate(android.os.Bundle):12:12 -> onCreate
    4:22:void onCreate(android.os.Bundle):14:14 -> onCreate
    23:30:void onCreate(android.os.Bundle):17:17 -> onCreate
    31:34:void onCreate(android.os.Bundle):20:20 -> onCreate
    35:37:void onCreate(android.os.Bundle):21:21 -> onCreate
    38:40:void onCreate(android.os.Bundle):22:22 -> onCreate
    41:43:void onCreate(android.os.Bundle):23:23 -> onCreate
    44:47:void onCreate(android.os.Bundle):24:24 -> onCreate
...
androidx.core.content.res.FontResourcesParserCompat$FamilyResourceEntry -> y.d:
# {"id":"sourceFile","fileName":"FontResourcesParserCompat.java"}
androidx.core.content.res.FontResourcesParserCompat$FontFamilyFilesResourceEntry -> y.e:
# {"id":"sourceFile","fileName":"FontResourcesParserCompat.java"}
    androidx.core.content.res.FontResourcesParserCompat$FontFileResourceEntry[] mEntries -> a
      # {"id":"com.android.tools.r8.residualsignature","signature":"[Ly/f;"}
    1:3:void <init>(androidx.core.content.res.FontResourcesParserCompat$FontFileResourceEntry[]):175:175 -> <init>
      # {"id":"com.android.tools.r8.residualsignature","signature":"([Ly/f;)V"}
    4:6:void <init>(androidx.core.content.res.FontResourcesParserCompat$FontFileResourceEntry[]):176:176 -> <init>
androidx.core.content.res.FontResourcesParserCompat$FontFileResourceEntry -> y.f:
# {"id":"sourceFile","fileName":"FontResourcesParserCompat.java"}
    java.lang.String mFileName -> a
    int mWeight -> b
    boolean mItalic -> c
    java.lang.String mVariationSettings -> d
    int mTtcIndex -> e
    int mResourceId -> f
    1:3:void <init>(java.lang.String,int,boolean,java.lang.String,int,int):135:135 -> <init>
    4:5:void <init>(java.lang.String,int,boolean,java.lang.String,int,int):136:136 -> <init>
    6:7:void <init>(java.lang.String,int,boolean,java.lang.String,int,int):137:137 -> <init>
    8:9:void <init>(java.lang.String,int,boolean,java.lang.String,int,int):138:138 -> <init>
    10:11:void <init>(java.lang.String,int,boolean,java.lang.String,int,int):139:139 -> <init>
    12:13:void <init>(java.lang.String,int,boolean,java.lang.String,int,int):140:140 -> <init>
    14:16:void <init>(java.lang.String,int,boolean,java.lang.String,int,int):141:141 -> <init>
androidx.core.content.res.FontResourcesParserCompat$ProviderResourceEntry -> y.g:
# {"id":"sourceFile","fileName":"FontResourcesParserCompat.java"}
    androidx.core.provider.FontRequest mRequest -> a
      # {"id":"com.android.tools.r8.residualsignature","signature":"LD/h;"}
    androidx.core.provider.FontRequest mFallbackRequest -> b
      # {"id":"com.android.tools.r8.residualsignature","signature":"LD/h;"}
    int mTimeoutMs -> c
    int mStrategy -> d
    java.lang.String mSystemFontFamilyName -> e
    1:3:void <init>(androidx.core.provider.FontRequest,androidx.core.provider.FontRequest,int,int,java.lang.String):87:87 -> <init>
      # {"id":"com.android.tools.r8.residualsignature","signature":"(LD/h;LD/h;IILjava/lang/String;)V"}
    4:5:void <init>(androidx.core.provider.FontRequest,androidx.core.provider.FontRequest,int,int,java.lang.String):88:88 -> <init>
    6:7:void <init>(androidx.core.provider.FontRequest,androidx.core.provider.FontRequest,int,int,java.lang.String):89:89 -> <init>
    8:9:void <init>(androidx.core.provider.FontRequest,androidx.core.provider.FontRequest,int,int,java.lang.String):90:90 -> <init>
    10:11:void <init>(androidx.core.provider.FontRequest,androidx.core.provider.FontRequest,int,int,java.lang.String):91:91 -> <init>
    12:14:void <init>(androidx.core.provider.FontRequest,androidx.core.provider.FontRequest,int,int,java.lang.String):92:92 -> <init>
androidx.core.content.res.GradientColorInflaterCompat -> R8$$REMOVED$$CLASS$$37:
# {"id":"sourceFile","fileName":"GradientColorInflaterCompat.java"}
androidx.core.content.res.GrowingArrayUtils -> R8$$REMOVED$$CLASS$$38:
# {"id":"sourceFile","fileName":"GrowingArrayUtils.java"}